<?xml version="1.0" encoding="UTF-8"?>
<!-- Generated by org.testng.reporters.JUnitReportReporter -->
<testsuite skipped="0" hostname="JUSTSRIHARI" name="steps.Sample" tests="1" failures="0" timestamp="3 Dec 2020 06:18:07 GMT" time="10.058" errors="0">
  <testcase name="login" time="10.058" classname="steps.Sample"/>
</testsuite> <!-- steps.Sample -->
