<?xml version="1.0" encoding="UTF-8"?>
<!-- Generated by org.testng.reporters.JUnitReportReporter -->
<testsuite skipped="0" hostname="JUSTSRIHARI" name="factory.Sample2" tests="1" failures="0" timestamp="4 Dec 2020 07:29:25 GMT" time="32.512" errors="0">
  <testcase name="browser" time="32.512" classname="factory.Sample2"/>
</testsuite> <!-- factory.Sample2 -->
